<?xml version="1.0" encoding="UTF-8"?>
<!-- Generated by org.testng.reporters.JUnitReportReporter -->
<testsuite hostname="DESKTOP-CHAR2523" failures="0" tests="1" name="updatePet" time="1.255" errors="0" timestamp="2023-12-27T13:11:44 UYT" skipped="0">
  <testcase classname="updatePet" name="putModifyPet" time="1.255"/>
  <system-out/>
</testsuite> <!-- updatePet -->
